<?xml version="1.0" encoding="UTF-8"?>
<!-- Generated by org.testng.reporters.JUnitReportReporter -->
<testsuite hostname="DESKTOP-3A5J5H5" failures="0" tests="3" name="co.dlacademy.CarritoTest" time="0.037" errors="0" timestamp="2023-09-21T20:34:25 COT" skipped="0">
  <testcase classname="co.dlacademy.CarritoTest" name="testAgregarProducto" time="0.013"/>
  <testcase classname="co.dlacademy.CarritoTest" name="testEliminarProducto" time="0.012"/>
  <testcase classname="co.dlacademy.CarritoTest" name="testCalcularTotal" time="0.012"/>
</testsuite> <!-- co.dlacademy.CarritoTest -->
