<?xml version="1.0" encoding="UTF-8"?>
<!-- Generated by org.testng.reporters.JUnitReportReporter -->
<testsuite hostname="DESKTOP-3A5J5H5" failures="0" tests="3" name="co.dlacademy.CompraTest" time="0.006" errors="0" timestamp="2023-09-21T20:34:25 COT" skipped="0">
  <testcase classname="co.dlacademy.CompraTest" name="testObtenerFecha" time="0.002"/>
  <testcase classname="co.dlacademy.CompraTest" name="testObtenerCarrito" time="0.002"/>
  <testcase classname="co.dlacademy.CompraTest" name="testObtenerTotal" time="0.002"/>
</testsuite> <!-- co.dlacademy.CompraTest -->
