<?xml version="1.0" encoding="UTF-8"?>
<!-- Generated by org.testng.reporters.JUnitReportReporter -->
<testsuite hostname="DESKTOP-3A5J5H5" failures="0" tests="4" name="co.dlacademy.ProductoTest" time="0.027" errors="0" timestamp="2023-09-21T20:34:25 COT" skipped="0">
  <testcase classname="co.dlacademy.ProductoTest" name="testProductoSinNombre" time="0.010"/>
  <testcase classname="co.dlacademy.ProductoTest" name="testProductoPrecioNegativo" time="0.001"/>
  <testcase classname="co.dlacademy.ProductoTest" name="testObtenerNombre" time="0.008"/>
  <testcase classname="co.dlacademy.ProductoTest" name="testObtenerPrecio" time="0.008"/>
</testsuite> <!-- co.dlacademy.ProductoTest -->
