<?xml version="1.0" encoding="UTF-8"?>
<!-- Generated by org.testng.reporters.JUnitReportReporter -->
<testsuite hostname="DESKTOP-3A5J5H5" failures="0" tests="2" name="co.dlacademy.HistorialCompraTest" time="0.007" errors="0" timestamp="2023-09-21T20:34:25 COT" skipped="0">
  <testcase classname="co.dlacademy.HistorialCompraTest" name="obtenerCompra" time="0.004"/>
  <testcase classname="co.dlacademy.HistorialCompraTest" name="testAgregarCompra" time="0.003"/>
</testsuite> <!-- co.dlacademy.HistorialCompraTest -->
